<component name="libraryTable">
  <library name="junit_junit_4.5_test">
    <CLASSES>
      <root url="jar://$USER_HOME$/.ivy2/cache/junit/junit/jars/junit-4.5.jar!/"></root>
    </CLASSES>
    <JAVADOC> </JAVADOC>
    <SOURCES>
      <root url="jar://$USER_HOME$/.ivy2/cache/junit/junit/srcs/junit-4.5-sources.jar!/"></root>
    </SOURCES>
  </library>
</component>